Arguments: 
  C:\Program Files\nodejs\node.exe C:\Users\zard\AppData\Roaming\npm\node_modules\yarn\bin\yarn.js install

PATH: 
  C:\Windows\system32;C:\Windows;C:\Windows\System32\Wbem;C:\Windows\System32\WindowsPowerShell\v1.0\;C:\Windows\System32\OpenSSH\;C:\Program Files (x86)\NVIDIA Corporation\PhysX\Common;C:\Program Files\NVIDIA Corporation\NVIDIA NvDLISR;C:\WINDOWS\system32;C:\WINDOWS;C:\WINDOWS\System32\Wbem;C:\WINDOWS\System32\WindowsPowerShell\v1.0\;C:\WINDOWS\System32\OpenSSH\;C:\Program Files\Git\cmd;C:\Users\zard\AppData\Roaming\nvm;C:\Program Files\nodejs;C:\Users\zard\AppData\Local\Microsoft\WindowsApps;C:\Users\zard\AppData\Local\Programs\Microsoft VS Code\bin;C:\Users\zard\AppData\Roaming\npm;C:\Users\zard\Downloads\nginx-1.12.2\nginx-1.12.2;C:\Users\zard\AppData\Roaming\nvm;C:\Program Files\nodejs

Yarn version: 
  1.15.2

Node version: 
  14.17.4

Platform: 
  win32 x64

Trace: 
  Error: ENOENT: no such file or directory, copyfile 'C:\Users\zard\AppData\Local\Yarn\Cache\v4\npm-ms-2.1.2-d09d1f357b443f493382a8eb3ccd183872ae6009\node_modules\ms\index.js' -> 'C:\Users\zard\Documents\blog\server\node_modules\agent-base\node_modules\ms\index.js'

npm manifest: 
  {
    "name": "express",
    "version": "0.0.0",
    "private": true,
    "scripts": {
      "start": "nodemon ./bin/www"
    },
    "dependencies": {
      "bcrypt": "^5.0.1",
      "cookie-parser": "~1.4.4",
      "debug": "~2.6.9",
      "ejs": "~2.6.1",
      "express": "~4.16.1",
      "express-session": "^1.17.2",
      "http-assert": "^1.4.1",
      "http-errors": "~1.6.3",
      "jsonwebtoken": "^8.5.1",
      "moment": "^2.29.1",
      "mongodb": "^3.6.9",
      "mongoose": "^5.12.12",
      "morgan": "~1.9.1",
      "nodemon": "^2.0.7"
    }
  }

yarn manifest: 
  No manifest

Lockfile: 
  No lockfile
